[2016-02-14 10:27:51,580] INFO 0 successfully elected as leader (kafka.server.ZookeeperLeaderElector)
[2016-02-14 10:27:51,618] INFO re-registering broker info in ZK for broker 0 (kafka.server.KafkaHealthcheck)
[2016-02-14 10:27:52,798] INFO Registered broker 0 at path /brokers/ids/0 with address localhost:9092. (kafka.utils.ZkUtils$)
[2016-02-14 10:27:52,799] INFO done re-registering broker (kafka.server.KafkaHealthcheck)
[2016-02-14 10:27:52,799] INFO Subscribing to /brokers/topics path to watch for new topics (kafka.server.KafkaHealthcheck)
[2016-02-14 10:27:52,825] INFO [ReplicaFetcherManager on broker 0] Removed fetcher for partitions [test,0] (kafka.server.ReplicaFetcherManager)
[2016-02-14 10:27:52,830] INFO New leader is 0 (kafka.server.ZookeeperLeaderElector$LeaderChangeListener)
[2016-02-14 10:27:52,834] INFO Closing socket connection to /127.0.0.1. (kafka.network.Processor)
[2016-02-14 10:28:05,743] ERROR Closing socket for /172.31.99.91 because of error (kafka.network.Processor)
java.io.IOException: Connection reset by peer
	at sun.nio.ch.FileDispatcherImpl.read0(Native Method)
	at sun.nio.ch.SocketDispatcher.read(SocketDispatcher.java:39)
	at sun.nio.ch.IOUtil.readIntoNativeBuffer(IOUtil.java:223)
	at sun.nio.ch.IOUtil.read(IOUtil.java:197)
	at sun.nio.ch.SocketChannelImpl.read(SocketChannelImpl.java:380)
	at kafka.utils.Utils$.read(Utils.scala:380)
	at kafka.network.BoundedByteBufferReceive.readFrom(BoundedByteBufferReceive.scala:54)
	at kafka.network.Processor.read(SocketServer.scala:444)
	at kafka.network.Processor.run(SocketServer.scala:340)
	at java.lang.Thread.run(Thread.java:745)
[2016-02-14 10:39:49,877] INFO Closing socket connection to /127.0.0.1. (kafka.network.Processor)
[2016-02-14 10:39:49,879] INFO 0 successfully elected as leader (kafka.server.ZookeeperLeaderElector)
[2016-02-14 10:39:49,892] INFO re-registering broker info in ZK for broker 0 (kafka.server.KafkaHealthcheck)
[2016-02-14 10:39:50,829] INFO Registered broker 0 at path /brokers/ids/0 with address localhost:9092. (kafka.utils.ZkUtils$)
[2016-02-14 10:39:50,829] INFO done re-registering broker (kafka.server.KafkaHealthcheck)
[2016-02-14 10:39:50,830] INFO Subscribing to /brokers/topics path to watch for new topics (kafka.server.KafkaHealthcheck)
[2016-02-14 10:39:50,846] INFO [ReplicaFetcherManager on broker 0] Removed fetcher for partitions [test,0] (kafka.server.ReplicaFetcherManager)
[2016-02-14 10:39:50,848] INFO New leader is 0 (kafka.server.ZookeeperLeaderElector$LeaderChangeListener)
[2016-02-14 10:39:50,854] INFO Closing socket connection to /127.0.0.1. (kafka.network.Processor)
[2016-02-14 10:39:50,860] INFO Closing socket connection to /127.0.0.1. (kafka.network.Processor)
