[2016-02-14 10:27:51,605] TRACE Controller 0 epoch 2 started leader election for partition [test,0] (state.change.logger)
[2016-02-14 10:27:51,615] ERROR Controller 0 epoch 2 initiated state change for partition [test,0] from OfflinePartition to OnlinePartition failed (state.change.logger)
kafka.common.NoReplicaOnlineException: No replica for partition [test,0] is alive. Live brokers are: [Set()], Assigned replicas are: [List(0)]
	at kafka.controller.OfflinePartitionLeaderSelector.selectLeader(PartitionLeaderSelector.scala:75)
	at kafka.controller.PartitionStateMachine.electLeaderForPartition(PartitionStateMachine.scala:357)
	at kafka.controller.PartitionStateMachine.kafka$controller$PartitionStateMachine$$handleStateChange(PartitionStateMachine.scala:206)
	at kafka.controller.PartitionStateMachine$$anonfun$triggerOnlinePartitionStateChange$3.apply(PartitionStateMachine.scala:120)
	at kafka.controller.PartitionStateMachine$$anonfun$triggerOnlinePartitionStateChange$3.apply(PartitionStateMachine.scala:117)
	at scala.collection.TraversableLike$WithFilter$$anonfun$foreach$1.apply(TraversableLike.scala:772)
	at scala.collection.mutable.HashMap$$anonfun$foreach$1.apply(HashMap.scala:98)
	at scala.collection.mutable.HashMap$$anonfun$foreach$1.apply(HashMap.scala:98)
	at scala.collection.mutable.HashTable$class.foreachEntry(HashTable.scala:226)
	at scala.collection.mutable.HashMap.foreachEntry(HashMap.scala:39)
	at scala.collection.mutable.HashMap.foreach(HashMap.scala:98)
	at scala.collection.TraversableLike$WithFilter.foreach(TraversableLike.scala:771)
	at kafka.controller.PartitionStateMachine.triggerOnlinePartitionStateChange(PartitionStateMachine.scala:117)
	at kafka.controller.PartitionStateMachine.startup(PartitionStateMachine.scala:70)
	at kafka.controller.KafkaController.onControllerFailover(KafkaController.scala:314)
	at kafka.controller.KafkaController$$anonfun$1.apply$mcV$sp(KafkaController.scala:161)
	at kafka.server.ZookeeperLeaderElector.elect(ZookeeperLeaderElector.scala:81)
	at kafka.controller.KafkaController$SessionExpirationListener$$anonfun$handleNewSession$1.apply$mcZ$sp(KafkaController.scala:1109)
	at kafka.controller.KafkaController$SessionExpirationListener$$anonfun$handleNewSession$1.apply(KafkaController.scala:1107)
	at kafka.controller.KafkaController$SessionExpirationListener$$anonfun$handleNewSession$1.apply(KafkaController.scala:1107)
	at kafka.utils.Utils$.inLock(Utils.scala:535)
	at kafka.controller.KafkaController$SessionExpirationListener.handleNewSession(KafkaController.scala:1107)
	at org.I0Itec.zkclient.ZkClient$4.run(ZkClient.java:472)
	at org.I0Itec.zkclient.ZkEventThread.run(ZkEventThread.java:71)
[2016-02-14 10:27:52,812] TRACE Controller 0 epoch 2 sending UpdateMetadata request (Leader:0,ISR:0,LeaderEpoch:0,ControllerEpoch:1) with correlationId 12 to broker 0 for partition [test,0] (state.change.logger)
[2016-02-14 10:27:52,813] TRACE Controller 0 epoch 2 changed state of replica 0 for partition [test,0] from ReplicaDeletionIneligible to OnlineReplica (state.change.logger)
[2016-02-14 10:27:52,814] TRACE Controller 0 epoch 2 sending become-leader LeaderAndIsr request (Leader:0,ISR:0,LeaderEpoch:0,ControllerEpoch:1) with correlationId 13 to broker 0 for partition [test,0] (state.change.logger)
[2016-02-14 10:27:52,814] TRACE Controller 0 epoch 2 sending UpdateMetadata request (Leader:0,ISR:0,LeaderEpoch:0,ControllerEpoch:1) with correlationId 13 to broker 0 for partition [test,0] (state.change.logger)
[2016-02-14 10:27:52,814] TRACE Controller 0 epoch 2 started leader election for partition [test,0] (state.change.logger)
[2016-02-14 10:27:52,815] TRACE Broker 0 cached leader info (LeaderAndIsrInfo:(Leader:0,ISR:0,LeaderEpoch:0,ControllerEpoch:1),ReplicationFactor:1),AllReplicas:0) for partition [test,0] in response to UpdateMetadata request sent by controller 0 epoch 2 with correlation id 12 (state.change.logger)
[2016-02-14 10:27:52,816] TRACE Controller 0 epoch 2 received response UpdateMetadataResponse(12,0) for a request sent to broker id:0,host:localhost,port:9092 (state.change.logger)
[2016-02-14 10:27:52,816] TRACE Broker 0 received LeaderAndIsr request (LeaderAndIsrInfo:(Leader:0,ISR:0,LeaderEpoch:0,ControllerEpoch:1),ReplicationFactor:1),AllReplicas:0) correlation id 13 from controller 0 epoch 2 for partition [test,0] (state.change.logger)
[2016-02-14 10:27:52,817] WARN Broker 0 ignoring LeaderAndIsr request from controller 0 with correlation id 13 epoch 2 for partition [test,0] since its associated leader epoch 0 is old. Current leader epoch is 0 (state.change.logger)
[2016-02-14 10:27:52,818] TRACE Controller 0 epoch 2 received response LeaderAndIsrResponse(13,Map((test,0) -> 13),0) for a request sent to broker id:0,host:localhost,port:9092 (state.change.logger)
[2016-02-14 10:27:52,818] TRACE Broker 0 cached leader info (LeaderAndIsrInfo:(Leader:0,ISR:0,LeaderEpoch:0,ControllerEpoch:1),ReplicationFactor:1),AllReplicas:0) for partition [test,0] in response to UpdateMetadata request sent by controller 0 epoch 2 with correlation id 13 (state.change.logger)
[2016-02-14 10:27:52,818] TRACE Controller 0 epoch 2 received response UpdateMetadataResponse(13,0) for a request sent to broker id:0,host:localhost,port:9092 (state.change.logger)
[2016-02-14 10:27:52,824] TRACE Controller 0 epoch 2 elected leader 0 for Offline partition [test,0] (state.change.logger)
[2016-02-14 10:27:52,825] TRACE Controller 0 epoch 2 changed partition [test,0] from OfflinePartition to OnlinePartition with leader 0 (state.change.logger)
[2016-02-14 10:27:52,825] TRACE Controller 0 epoch 2 sending become-leader LeaderAndIsr request (Leader:0,ISR:0,LeaderEpoch:1,ControllerEpoch:2) with correlationId 14 to broker 0 for partition [test,0] (state.change.logger)
[2016-02-14 10:27:52,825] TRACE Controller 0 epoch 2 sending UpdateMetadata request (Leader:0,ISR:0,LeaderEpoch:1,ControllerEpoch:2) with correlationId 14 to broker 0 for partition [test,0] (state.change.logger)
[2016-02-14 10:27:52,825] TRACE Broker 0 received LeaderAndIsr request (LeaderAndIsrInfo:(Leader:0,ISR:0,LeaderEpoch:1,ControllerEpoch:2),ReplicationFactor:1),AllReplicas:0) correlation id 14 from controller 0 epoch 2 for partition [test,0] (state.change.logger)
[2016-02-14 10:27:52,825] TRACE Broker 0 handling LeaderAndIsr request correlationId 14 from controller 0 epoch 2 starting the become-leader transition for partition [test,0] (state.change.logger)
[2016-02-14 10:27:52,826] TRACE Broker 0 stopped fetchers as part of become-leader request from controller 0 epoch 2 with correlation id 14 for partition [test,0] (state.change.logger)
[2016-02-14 10:27:52,826] TRACE Broker 0 completed LeaderAndIsr request correlationId 14 from controller 0 epoch 2 for the become-leader transition for partition [test,0] (state.change.logger)
[2016-02-14 10:27:52,826] TRACE Controller 0 epoch 2 received response LeaderAndIsrResponse(14,Map((test,0) -> 0),0) for a request sent to broker id:0,host:localhost,port:9092 (state.change.logger)
[2016-02-14 10:27:52,827] TRACE Broker 0 cached leader info (LeaderAndIsrInfo:(Leader:0,ISR:0,LeaderEpoch:1,ControllerEpoch:2),ReplicationFactor:1),AllReplicas:0) for partition [test,0] in response to UpdateMetadata request sent by controller 0 epoch 2 with correlation id 14 (state.change.logger)
[2016-02-14 10:27:52,827] TRACE Controller 0 epoch 2 received response UpdateMetadataResponse(14,0) for a request sent to broker id:0,host:localhost,port:9092 (state.change.logger)
[2016-02-14 10:39:49,887] TRACE Controller 0 epoch 3 started leader election for partition [test,0] (state.change.logger)
[2016-02-14 10:39:49,891] ERROR Controller 0 epoch 3 initiated state change for partition [test,0] from OfflinePartition to OnlinePartition failed (state.change.logger)
kafka.common.NoReplicaOnlineException: No replica for partition [test,0] is alive. Live brokers are: [Set()], Assigned replicas are: [List(0)]
	at kafka.controller.OfflinePartitionLeaderSelector.selectLeader(PartitionLeaderSelector.scala:75)
	at kafka.controller.PartitionStateMachine.electLeaderForPartition(PartitionStateMachine.scala:357)
	at kafka.controller.PartitionStateMachine.kafka$controller$PartitionStateMachine$$handleStateChange(PartitionStateMachine.scala:206)
	at kafka.controller.PartitionStateMachine$$anonfun$triggerOnlinePartitionStateChange$3.apply(PartitionStateMachine.scala:120)
	at kafka.controller.PartitionStateMachine$$anonfun$triggerOnlinePartitionStateChange$3.apply(PartitionStateMachine.scala:117)
	at scala.collection.TraversableLike$WithFilter$$anonfun$foreach$1.apply(TraversableLike.scala:772)
	at scala.collection.mutable.HashMap$$anonfun$foreach$1.apply(HashMap.scala:98)
	at scala.collection.mutable.HashMap$$anonfun$foreach$1.apply(HashMap.scala:98)
	at scala.collection.mutable.HashTable$class.foreachEntry(HashTable.scala:226)
	at scala.collection.mutable.HashMap.foreachEntry(HashMap.scala:39)
	at scala.collection.mutable.HashMap.foreach(HashMap.scala:98)
	at scala.collection.TraversableLike$WithFilter.foreach(TraversableLike.scala:771)
	at kafka.controller.PartitionStateMachine.triggerOnlinePartitionStateChange(PartitionStateMachine.scala:117)
	at kafka.controller.PartitionStateMachine.startup(PartitionStateMachine.scala:70)
	at kafka.controller.KafkaController.onControllerFailover(KafkaController.scala:314)
	at kafka.controller.KafkaController$$anonfun$1.apply$mcV$sp(KafkaController.scala:161)
	at kafka.server.ZookeeperLeaderElector.elect(ZookeeperLeaderElector.scala:81)
	at kafka.controller.KafkaController$SessionExpirationListener$$anonfun$handleNewSession$1.apply$mcZ$sp(KafkaController.scala:1109)
	at kafka.controller.KafkaController$SessionExpirationListener$$anonfun$handleNewSession$1.apply(KafkaController.scala:1107)
	at kafka.controller.KafkaController$SessionExpirationListener$$anonfun$handleNewSession$1.apply(KafkaController.scala:1107)
	at kafka.utils.Utils$.inLock(Utils.scala:535)
	at kafka.controller.KafkaController$SessionExpirationListener.handleNewSession(KafkaController.scala:1107)
	at org.I0Itec.zkclient.ZkClient$4.run(ZkClient.java:472)
	at org.I0Itec.zkclient.ZkEventThread.run(ZkEventThread.java:71)
[2016-02-14 10:39:50,839] TRACE Controller 0 epoch 3 sending UpdateMetadata request (Leader:0,ISR:0,LeaderEpoch:1,ControllerEpoch:2) with correlationId 18 to broker 0 for partition [test,0] (state.change.logger)
[2016-02-14 10:39:50,840] TRACE Controller 0 epoch 3 changed state of replica 0 for partition [test,0] from ReplicaDeletionIneligible to OnlineReplica (state.change.logger)
[2016-02-14 10:39:50,840] TRACE Controller 0 epoch 3 sending become-leader LeaderAndIsr request (Leader:0,ISR:0,LeaderEpoch:1,ControllerEpoch:2) with correlationId 19 to broker 0 for partition [test,0] (state.change.logger)
[2016-02-14 10:39:50,841] TRACE Broker 0 cached leader info (LeaderAndIsrInfo:(Leader:0,ISR:0,LeaderEpoch:1,ControllerEpoch:2),ReplicationFactor:1),AllReplicas:0) for partition [test,0] in response to UpdateMetadata request sent by controller 0 epoch 3 with correlation id 18 (state.change.logger)
[2016-02-14 10:39:50,841] TRACE Controller 0 epoch 3 sending UpdateMetadata request (Leader:0,ISR:0,LeaderEpoch:1,ControllerEpoch:2) with correlationId 19 to broker 0 for partition [test,0] (state.change.logger)
[2016-02-14 10:39:50,841] TRACE Controller 0 epoch 3 started leader election for partition [test,0] (state.change.logger)
[2016-02-14 10:39:50,841] TRACE Controller 0 epoch 3 received response UpdateMetadataResponse(18,0) for a request sent to broker id:0,host:localhost,port:9092 (state.change.logger)
[2016-02-14 10:39:50,841] TRACE Broker 0 received LeaderAndIsr request (LeaderAndIsrInfo:(Leader:0,ISR:0,LeaderEpoch:1,ControllerEpoch:2),ReplicationFactor:1),AllReplicas:0) correlation id 19 from controller 0 epoch 3 for partition [test,0] (state.change.logger)
[2016-02-14 10:39:50,841] WARN Broker 0 ignoring LeaderAndIsr request from controller 0 with correlation id 19 epoch 3 for partition [test,0] since its associated leader epoch 1 is old. Current leader epoch is 1 (state.change.logger)
[2016-02-14 10:39:50,842] TRACE Controller 0 epoch 3 received response LeaderAndIsrResponse(19,Map((test,0) -> 13),0) for a request sent to broker id:0,host:localhost,port:9092 (state.change.logger)
[2016-02-14 10:39:50,842] TRACE Broker 0 cached leader info (LeaderAndIsrInfo:(Leader:0,ISR:0,LeaderEpoch:1,ControllerEpoch:2),ReplicationFactor:1),AllReplicas:0) for partition [test,0] in response to UpdateMetadata request sent by controller 0 epoch 3 with correlation id 19 (state.change.logger)
[2016-02-14 10:39:50,842] TRACE Controller 0 epoch 3 received response UpdateMetadataResponse(19,0) for a request sent to broker id:0,host:localhost,port:9092 (state.change.logger)
[2016-02-14 10:39:50,845] TRACE Controller 0 epoch 3 elected leader 0 for Offline partition [test,0] (state.change.logger)
[2016-02-14 10:39:50,845] TRACE Controller 0 epoch 3 changed partition [test,0] from OfflinePartition to OnlinePartition with leader 0 (state.change.logger)
[2016-02-14 10:39:50,845] TRACE Controller 0 epoch 3 sending become-leader LeaderAndIsr request (Leader:0,ISR:0,LeaderEpoch:2,ControllerEpoch:3) with correlationId 20 to broker 0 for partition [test,0] (state.change.logger)
[2016-02-14 10:39:50,845] TRACE Controller 0 epoch 3 sending UpdateMetadata request (Leader:0,ISR:0,LeaderEpoch:2,ControllerEpoch:3) with correlationId 20 to broker 0 for partition [test,0] (state.change.logger)
[2016-02-14 10:39:50,845] TRACE Broker 0 received LeaderAndIsr request (LeaderAndIsrInfo:(Leader:0,ISR:0,LeaderEpoch:2,ControllerEpoch:3),ReplicationFactor:1),AllReplicas:0) correlation id 20 from controller 0 epoch 3 for partition [test,0] (state.change.logger)
[2016-02-14 10:39:50,846] TRACE Broker 0 handling LeaderAndIsr request correlationId 20 from controller 0 epoch 3 starting the become-leader transition for partition [test,0] (state.change.logger)
[2016-02-14 10:39:50,846] TRACE Broker 0 stopped fetchers as part of become-leader request from controller 0 epoch 3 with correlation id 20 for partition [test,0] (state.change.logger)
[2016-02-14 10:39:50,846] TRACE Broker 0 completed LeaderAndIsr request correlationId 20 from controller 0 epoch 3 for the become-leader transition for partition [test,0] (state.change.logger)
[2016-02-14 10:39:50,846] TRACE Controller 0 epoch 3 received response LeaderAndIsrResponse(20,Map((test,0) -> 0),0) for a request sent to broker id:0,host:localhost,port:9092 (state.change.logger)
[2016-02-14 10:39:50,847] TRACE Broker 0 cached leader info (LeaderAndIsrInfo:(Leader:0,ISR:0,LeaderEpoch:2,ControllerEpoch:3),ReplicationFactor:1),AllReplicas:0) for partition [test,0] in response to UpdateMetadata request sent by controller 0 epoch 3 with correlation id 20 (state.change.logger)
[2016-02-14 10:39:50,847] TRACE Controller 0 epoch 3 received response UpdateMetadataResponse(20,0) for a request sent to broker id:0,host:localhost,port:9092 (state.change.logger)
