[2016-02-13 15:42:47,463] DEBUG preRegister called. Server=com.sun.jmx.mbeanserver.JmxMBeanServer@66d3c617, name=log4j:logger=kafka.controller (kafka.controller)
[2016-02-13 15:43:24,727] DEBUG preRegister called. Server=com.sun.jmx.mbeanserver.JmxMBeanServer@66d3c617, name=log4j:logger=kafka.controller (kafka.controller)
[2016-02-13 15:43:40,147] INFO [Controller 0]: Controller starting up (kafka.controller.KafkaController)
[2016-02-13 15:43:40,179] INFO [Controller 0]: Broker 0 starting become controller state transition (kafka.controller.KafkaController)
[2016-02-13 15:43:40,184] INFO [Controller 0]: Controller 0 incremented epoch to 1 (kafka.controller.KafkaController)
[2016-02-13 15:43:40,185] DEBUG [Controller 0]: Registering IsrChangeNotificationListener (kafka.controller.KafkaController)
[2016-02-13 15:43:40,198] INFO [Controller 0]: Partitions undergoing preferred replica election:  (kafka.controller.KafkaController)
[2016-02-13 15:43:40,198] INFO [Controller 0]: Partitions that completed preferred replica election:  (kafka.controller.KafkaController)
[2016-02-13 15:43:40,198] INFO [Controller 0]: Resuming preferred replica election for partitions:  (kafka.controller.KafkaController)
[2016-02-13 15:43:40,200] INFO [Controller 0]: Partitions being reassigned: Map() (kafka.controller.KafkaController)
[2016-02-13 15:43:40,201] INFO [Controller 0]: Partitions already reassigned: List() (kafka.controller.KafkaController)
[2016-02-13 15:43:40,202] INFO [Controller 0]: Resuming reassignment of partitions: Map() (kafka.controller.KafkaController)
[2016-02-13 15:43:40,204] INFO [Controller 0]: List of topics to be deleted:  (kafka.controller.KafkaController)
[2016-02-13 15:43:40,205] INFO [Controller 0]: List of topics ineligible for deletion:  (kafka.controller.KafkaController)
[2016-02-13 15:43:40,206] INFO [Controller 0]: Currently active brokers in the cluster: Set() (kafka.controller.KafkaController)
[2016-02-13 15:43:40,207] INFO [Controller 0]: Currently shutting brokers in the cluster: Set() (kafka.controller.KafkaController)
[2016-02-13 15:43:40,207] INFO [Controller 0]: Current list of topics in the cluster: Set() (kafka.controller.KafkaController)
[2016-02-13 15:43:40,209] INFO [Replica state machine on controller 0]: Started replica state machine with initial state -> Map() (kafka.controller.ReplicaStateMachine)
[2016-02-13 15:43:40,215] INFO [Partition state machine on Controller 0]: Started partition state machine with initial state -> Map() (kafka.controller.PartitionStateMachine)
[2016-02-13 15:43:40,215] INFO [Controller 0]: Broker 0 is ready to serve as the new controller with epoch 1 (kafka.controller.KafkaController)
[2016-02-13 15:43:40,217] INFO [Controller 0]: Starting preferred replica leader election for partitions  (kafka.controller.KafkaController)
[2016-02-13 15:43:40,218] INFO [Partition state machine on Controller 0]: Invoking state change to OnlinePartition for partitions  (kafka.controller.PartitionStateMachine)
[2016-02-13 15:43:40,223] INFO [Controller 0]: starting the partition rebalance scheduler (kafka.controller.KafkaController)
[2016-02-13 15:43:40,223] INFO [Controller 0]: Controller startup complete (kafka.controller.KafkaController)
[2016-02-13 15:43:40,292] INFO [BrokerChangeListener on Controller 0]: Broker change listener fired for path /brokers/ids with children 0 (kafka.controller.ReplicaStateMachine$BrokerChangeListener)
[2016-02-13 15:43:40,320] INFO [BrokerChangeListener on Controller 0]: Newly added brokers: 0, deleted brokers: , all live brokers: 0 (kafka.controller.ReplicaStateMachine$BrokerChangeListener)
[2016-02-13 15:43:40,321] DEBUG [Channel manager on controller 0]: Controller 0 trying to connect to broker 0 (kafka.controller.ControllerChannelManager)
[2016-02-13 15:43:40,332] INFO [Controller-0-to-broker-0-send-thread], Starting  (kafka.controller.RequestSendThread)
[2016-02-13 15:43:40,332] INFO [Controller 0]: New broker startup callback for 0 (kafka.controller.KafkaController)
[2016-02-13 15:43:40,352] INFO [Controller-0-to-broker-0-send-thread], Controller 0 connected to Node(0, 192.168.99.1, 9092) for sending state change requests (kafka.controller.RequestSendThread)
[2016-02-13 15:43:45,229] TRACE [Controller 0]: checking need to trigger partition rebalance (kafka.controller.KafkaController)
[2016-02-13 15:43:45,231] DEBUG [Controller 0]: preferred replicas by broker Map() (kafka.controller.KafkaController)
[2016-02-13 15:44:54,958] DEBUG [TopicChangeListener on Controller 0]: Topic change listener fired for path /brokers/topics with children topicNew (kafka.controller.PartitionStateMachine$TopicChangeListener)
[2016-02-13 15:44:54,965] INFO [TopicChangeListener on Controller 0]: New topics: [Set(topicNew)], deleted topics: [Set()], new partition replica assignment [Map([topicNew,0] -> List(0))] (kafka.controller.PartitionStateMachine$TopicChangeListener)
[2016-02-13 15:44:54,966] INFO [Controller 0]: New topic creation callback for [topicNew,0] (kafka.controller.KafkaController)
[2016-02-13 15:44:54,967] INFO [Controller 0]: New partition creation callback for [topicNew,0] (kafka.controller.KafkaController)
[2016-02-13 15:44:54,968] INFO [Partition state machine on Controller 0]: Invoking state change to NewPartition for partitions [topicNew,0] (kafka.controller.PartitionStateMachine)
[2016-02-13 15:44:54,970] INFO [Replica state machine on controller 0]: Invoking state change to NewReplica for replicas [Topic=topicNew,Partition=0,Replica=0] (kafka.controller.ReplicaStateMachine)
[2016-02-13 15:44:54,973] INFO [Partition state machine on Controller 0]: Invoking state change to OnlinePartition for partitions [topicNew,0] (kafka.controller.PartitionStateMachine)
[2016-02-13 15:44:54,974] DEBUG [Partition state machine on Controller 0]: Live assigned replicas for partition [topicNew,0] are: [List(0)] (kafka.controller.PartitionStateMachine)
[2016-02-13 15:44:54,976] DEBUG [Partition state machine on Controller 0]: Initializing leader and isr for partition [topicNew,0] to (Leader:0,ISR:0,LeaderEpoch:0,ControllerEpoch:1) (kafka.controller.PartitionStateMachine)
[2016-02-13 15:44:54,988] INFO [Replica state machine on controller 0]: Invoking state change to OnlineReplica for replicas [Topic=topicNew,Partition=0,Replica=0] (kafka.controller.ReplicaStateMachine)
